
Showing logs for build [32mcb-kubecd-environment-pr-5280-6-2vsj8-1[0m stage [32mmeta-pipeline[0m and container [32mstep-credential-initializer-tlpws[0m
{"level":"warn","ts":1568492605.841551,"logger":"fallback-logger","caller":"logging/config.go:69","msg":"Fetch GitHub commit ID from kodata failed: \"ref: refs/heads/master\" is not a valid GitHub commit ID"}
{"level":"info","ts":1568492605.842262,"logger":"fallback-logger","caller":"creds-init/main.go:40","msg":"Credentials initialized."}

Showing logs for build [32mcb-kubecd-environment-pr-5280-6-2vsj8-1[0m stage [32mmeta-pipeline[0m and container [32mstep-working-dir-initializer-7dd7v[0m
{"level":"warn","ts":1568492606.8510325,"logger":"fallback-logger","caller":"logging/config.go:69","msg":"Fetch GitHub commit ID from kodata failed: open /var/run/ko/HEAD: no such file or directory"}
{"level":"info","ts":1568492606.8522508,"logger":"fallback-logger","caller":"bash/main.go:65","msg":"Successfully executed command \"mkdir -p /workspace/source\""}

Showing logs for build [32mcb-kubecd-environment-pr-5280-6-2vsj8-1[0m stage [32mmeta-pipeline[0m and container [32mstep-place-tools[0m

Showing logs for build [32mcb-kubecd-environment-pr-5280-6-2vsj8-1[0m stage [32mmeta-pipeline[0m and container [32mstep-git-source-meta-cb-kubecd-environment-pr-5-lsg5w[0m
{"level":"warn","ts":1568492611.8904688,"logger":"fallback-logger","caller":"logging/config.go:69","msg":"Fetch GitHub commit ID from kodata failed: \"ref: refs/heads/master\" is not a valid GitHub commit ID"}
{"level":"info","ts":1568492612.9509423,"logger":"fallback-logger","caller":"git/git.go:102","msg":"Successfully cloned https://github.com/cb-kubecd/environment-pr-5280-69-tekton-gkebdd-staging.git @ 27f1d435c287778e398ce9b7558cdb1b04f9f2e3 in path /workspace/source"}

Showing logs for build [32mcb-kubecd-environment-pr-5280-6-2vsj8-1[0m stage [32mmeta-pipeline[0m and container [32mstep-git-merge[0m
Using SHAs from PULL_REFS=master:27f1d435c287778e398ce9b7558cdb1b04f9f2e3,3:a154a0dd4baa40c3189d08a2ccac20a18632d160
DEBUG: ran git fetch --unshallow origin a154a0dd4baa40c3189d08a2ccac20a18632d160: 27f1d435c287778e398ce9b7558cdb1b04f9f2e3: in 
DEBUG: ran git checkout master in 
DEBUG: ran git reset --hard 27f1d435c287778e398ce9b7558cdb1b04f9f2e3 in 
DEBUG: ran clean --force -d . in 
DEBUG: ran git merge a154a0dd4baa40c3189d08a2ccac20a18632d160 in 
Merged SHA a154a0dd4baa40c3189d08a2ccac20a18632d160 with commit message 'chore: Promote bdd-ghf**y-1568492026 to version 0.0.1' into base branch master

Showing logs for build [32mcb-kubecd-environment-pr-5280-6-2vsj8-1[0m stage [32mmeta-pipeline[0m and container [32mstep-merge-pull-refs[0m
DEBUG: ran git fetch origin a154a0dd4baa40c3189d08a2ccac20a18632d160: 27f1d435c287778e398ce9b7558cdb1b04f9f2e3: in 
DEBUG: Unshallowed git repo in 
DEBUG: ran git checkout master in 
DEBUG: ran git reset --hard 27f1d435c287778e398ce9b7558cdb1b04f9f2e3 in 
DEBUG: ran clean --force -d . in 
DEBUG: ran git merge a154a0dd4baa40c3189d08a2ccac20a18632d160 in 
Merged SHA a154a0dd4baa40c3189d08a2ccac20a18632d160 with commit message 'chore: Promote bdd-ghf**y-1568492026 to version 0.0.1' into base branch master

Showing logs for build [32mcb-kubecd-environment-pr-5280-6-2vsj8-1[0m stage [32mmeta-pipeline[0m and container [32mstep-create-effective-pipeline[0m
Deleting and cloning the Jenkins X versions repo
Cloning the Jenkins X versions repo https://github.com/jenkins-x/jenkins-x-versions.git with ref refs/heads/master to /builder/home/.**/jenkins-x-versions
selected pack: /builder/home/.**/draft/packs/github.com/jenkins-x-buildpacks/jenkins-x-kubernetes/packs/environment
Effective pipeline written to jenkins-x-promotion-build-effective.yml

Showing logs for build [32mcb-kubecd-environment-pr-5280-6-2vsj8-1[0m stage [32mmeta-pipeline[0m and container [32mstep-create-tekton-crds[0m
PipelineActivity for cb-kubecd-environment-pr-5280-69-tekton-gkebdd-staging-PR-3-1
Applying changes 
upserted PipelineResource cb-kubecd-environment-pr-5280-6 for the git repository https://github.com/cb-kubecd/environment-pr-5280-69-tekton-gkebdd-staging.git
upserted Task cb-kubecd-environment-pr-5280-6-2vsj8-from-build-pack-1
upserted Pipeline cb-kubecd-environment-pr-5280-6-2vsj8-1
created PipelineRun cb-kubecd-environment-pr-5280-6-2vsj8-1
created PipelineStructure cb-kubecd-environment-pr-5280-6-2vsj8-1

Showing logs for build [32mcb-kubecd-environment-pr-5280-6-2vsj8-1[0m stage [32mfrom-build-pack[0m and container [32mstep-credential-initializer-vsw4r[0m
{"level":"warn","ts":1568492627.0654058,"logger":"fallback-logger","caller":"logging/config.go:69","msg":"Fetch GitHub commit ID from kodata failed: \"ref: refs/heads/master\" is not a valid GitHub commit ID"}
{"level":"info","ts":1568492627.065875,"logger":"fallback-logger","caller":"creds-init/main.go:40","msg":"Credentials initialized."}

Showing logs for build [32mcb-kubecd-environment-pr-5280-6-2vsj8-1[0m stage [32mfrom-build-pack[0m and container [32mstep-working-dir-initializer-cmd2q[0m
{"level":"warn","ts":1568492628.060327,"logger":"fallback-logger","caller":"logging/config.go:69","msg":"Fetch GitHub commit ID from kodata failed: open /var/run/ko/HEAD: no such file or directory"}
{"level":"info","ts":1568492628.0804539,"logger":"fallback-logger","caller":"bash/main.go:65","msg":"Successfully executed command \"mkdir -p /workspace/source /workspace/source/env\""}

Showing logs for build [32mcb-kubecd-environment-pr-5280-6-2vsj8-1[0m stage [32mfrom-build-pack[0m and container [32mstep-place-tools[0m

Showing logs for build [32mcb-kubecd-environment-pr-5280-6-2vsj8-1[0m stage [32mfrom-build-pack[0m and container [32mstep-git-source-cb-kubecd-environment-pr-5280-6-k676n[0m
{"level":"warn","ts":1568492685.1993802,"logger":"fallback-logger","caller":"logging/config.go:69","msg":"Fetch GitHub commit ID from kodata failed: \"ref: refs/heads/master\" is not a valid GitHub commit ID"}
{"level":"info","ts":1568492686.3260417,"logger":"fallback-logger","caller":"git/git.go:102","msg":"Successfully cloned https://github.com/cb-kubecd/environment-pr-5280-69-tekton-gkebdd-staging.git @ master in path /workspace/source"}

Showing logs for build [32mcb-kubecd-environment-pr-5280-6-2vsj8-1[0m stage [32mfrom-build-pack[0m and container [32mstep-git-merge[0m
Using SHAs from PULL_REFS=master:27f1d435c287778e398ce9b7558cdb1b04f9f2e3,3:a154a0dd4baa40c3189d08a2ccac20a18632d160
DEBUG: ran git fetch origin a154a0dd4baa40c3189d08a2ccac20a18632d160: 27f1d435c287778e398ce9b7558cdb1b04f9f2e3: in 
DEBUG: Unshallowed git repo in 
DEBUG: ran git checkout master in 
DEBUG: ran git reset --hard 27f1d435c287778e398ce9b7558cdb1b04f9f2e3 in 
DEBUG: ran clean --force -d . in 
DEBUG: ran git merge a154a0dd4baa40c3189d08a2ccac20a18632d160 in 
Merged SHA a154a0dd4baa40c3189d08a2ccac20a18632d160 with commit message 'chore: Promote bdd-ghf**y-1568492026 to version 0.0.1' into base branch master

Showing logs for build [32mcb-kubecd-environment-pr-5280-6-2vsj8-1[0m stage [32mfrom-build-pack[0m and container [32mstep-build-helm-build[0m
WARNING: No $CHART_REPOSITORY defined so using the default value of: http://jenkins-x-chartmuseum:8080
Adding missing Helm repo: storage.googleapis.com https://storage.googleapis.com/chartmuseum.jenkins-x.io
Successfully added Helm repository storage.googleapis.com.
Adding missing Helm repo: jenkins-x-chartmuseum http://jenkins-x-chartmuseum:8080
Successfully added Helm repository jenkins-x-chartmuseum.
WARNING: No $CHART_REPOSITORY defined so using the default value of: http://jenkins-x-chartmuseum:8080
Adding missing Helm repo: chartmuseum.jenkins-x.io http://chartmuseum.jenkins-x.io
Successfully added Helm repository chartmuseum.jenkins-x.io.
